<?xml version="1.0" encoding="UTF-8"?>
<!-- Generated by org.testng.reporters.JUnitXMLReporter -->
<testsuite ignored="0" hostname="Aparna" failures="0" tests="5" name="Default test" time="77.605" errors="0" timestamp="2024-05-09T14:00:43 IST">
  <testcase classname="DemoTestNG.LoginGetUserIdAssignment" name="firstLogin" time="2.117"/>
  <testcase classname="DemoTestNG.LoginGetUserIdAssignment" name="afterLoginDashboard" time="3.385"/>
  <testcase classname="DemoTestNG.LoginGetUserIdAssignment" name="fetchExcelData" time="36.314"/>
  <testcase classname="DemoTestNG.LoginGetUserIdAssignment" name="loginAgain" time="0.572"/>
  <testcase classname="DemoTestNG.LoginGetUserIdAssignment" name="deleteRecord" time="20.548"/>
</testsuite> <!-- Default test -->
