<?xml version="1.0" encoding="UTF-8"?>
<testng-results ignored="0" total="3" passed="3" failed="0" skipped="0">
  <reporter-output>
  </reporter-output>
  <suite started-at="2024-05-21T18:38:28 IST" name="Suite" finished-at="2024-05-21T18:39:02 IST" duration-ms="33801">
    <groups>
    </groups>
    <test started-at="2024-05-21T18:38:28 IST" name="Test1" finished-at="2024-05-21T18:38:41 IST" duration-ms="12916">
      <class name="com.CRM.TestCase.LoginPageTest">
        <test-method is-config="true" signature="browserSetUp()[pri:0, instance:com.CRM.TestCase.LoginPageTest@50a638b5]" started-at="2024-05-21T18:38:28 IST" name="browserSetUp" finished-at="2024-05-21T18:38:38 IST" duration-ms="10227" status="PASS">
          <reporter-output>
          </reporter-output>
        </test-method> <!-- browserSetUp -->
        <test-method signature="validateLogin()[pri:1, instance:com.CRM.TestCase.LoginPageTest@50a638b5]" started-at="2024-05-21T18:38:38 IST" name="validateLogin" finished-at="2024-05-21T18:38:41 IST" duration-ms="2407" status="PASS">
          <reporter-output>
          </reporter-output>
        </test-method> <!-- validateLogin -->
        <test-method is-config="true" signature="closeDriver()[pri:0, instance:com.CRM.TestCase.LoginPageTest@50a638b5]" started-at="2024-05-21T18:38:41 IST" name="closeDriver" finished-at="2024-05-21T18:38:41 IST" duration-ms="211" status="PASS">
          <reporter-output>
          </reporter-output>
        </test-method> <!-- closeDriver -->
      </class> <!-- com.CRM.TestCase.LoginPageTest -->
    </test> <!-- Test1 -->
    <test started-at="2024-05-21T18:38:41 IST" name="Test2" finished-at="2024-05-21T18:39:02 IST" duration-ms="20815">
      <class name="com.CRM.TestCase.DashboardPageTest">
        <test-method is-config="true" signature="browserSetUp()[pri:0, instance:com.CRM.TestCase.DashboardPageTest@6e171cd7]" started-at="2024-05-21T18:38:41 IST" name="browserSetUp" finished-at="2024-05-21T18:38:49 IST" duration-ms="7504" status="PASS">
          <reporter-output>
          </reporter-output>
        </test-method> <!-- browserSetUp -->
        <test-method signature="validateDashboard()[pri:1, instance:com.CRM.TestCase.DashboardPageTest@6e171cd7]" started-at="2024-05-21T18:38:49 IST" name="validateDashboard" finished-at="2024-05-21T18:38:59 IST" duration-ms="10648" status="PASS">
          <reporter-output>
          </reporter-output>
        </test-method> <!-- validateDashboard -->
        <test-method signature="UserLogout()[pri:2, instance:com.CRM.TestCase.DashboardPageTest@6e171cd7]" started-at="2024-05-21T18:38:59 IST" name="UserLogout" finished-at="2024-05-21T18:39:01 IST" duration-ms="1850" status="PASS">
          <reporter-output>
          </reporter-output>
        </test-method> <!-- UserLogout -->
        <test-method is-config="true" signature="closeDriver()[pri:0, instance:com.CRM.TestCase.DashboardPageTest@6e171cd7]" started-at="2024-05-21T18:39:01 IST" name="closeDriver" finished-at="2024-05-21T18:39:02 IST" duration-ms="801" status="PASS">
          <reporter-output>
          </reporter-output>
        </test-method> <!-- closeDriver -->
      </class> <!-- com.CRM.TestCase.DashboardPageTest -->
    </test> <!-- Test2 -->
  </suite> <!-- Suite -->
</testng-results>
