<?xml version="1.0" encoding="UTF-8"?>
<testng-results ignored="0" total="3" passed="3" failed="0" skipped="0">
  <reporter-output>
  </reporter-output>
  <suite started-at="2024-05-21T18:34:27 IST" name="Suite" finished-at="2024-05-21T18:35:03 IST" duration-ms="36752">
    <groups>
    </groups>
    <test started-at="2024-05-21T18:34:27 IST" name="Test1" finished-at="2024-05-21T18:34:41 IST" duration-ms="14454">
      <class name="com.CRM.TestCase.LoginPageTest">
        <test-method is-config="true" signature="browserSetUp()[pri:0, instance:com.CRM.TestCase.LoginPageTest@50a638b5]" started-at="2024-05-21T18:34:27 IST" name="browserSetUp" finished-at="2024-05-21T18:34:35 IST" duration-ms="8706" status="PASS">
          <reporter-output>
          </reporter-output>
        </test-method> <!-- browserSetUp -->
        <test-method signature="validateLogin()[pri:1, instance:com.CRM.TestCase.LoginPageTest@50a638b5]" started-at="2024-05-21T18:34:36 IST" name="validateLogin" finished-at="2024-05-21T18:34:40 IST" duration-ms="4926" status="PASS">
          <reporter-output>
          </reporter-output>
        </test-method> <!-- validateLogin -->
        <test-method is-config="true" signature="closeDriver()[pri:0, instance:com.CRM.TestCase.LoginPageTest@50a638b5]" started-at="2024-05-21T18:34:40 IST" name="closeDriver" finished-at="2024-05-21T18:34:41 IST" duration-ms="713" status="PASS">
          <reporter-output>
          </reporter-output>
        </test-method> <!-- closeDriver -->
      </class> <!-- com.CRM.TestCase.LoginPageTest -->
    </test> <!-- Test1 -->
    <test started-at="2024-05-21T18:34:41 IST" name="Test2" finished-at="2024-05-21T18:35:03 IST" duration-ms="22251">
      <class name="com.CRM.TestCase.DashboardPageTest">
        <test-method is-config="true" signature="browserSetUp()[pri:0, instance:com.CRM.TestCase.DashboardPageTest@6e171cd7]" started-at="2024-05-21T18:34:41 IST" name="browserSetUp" finished-at="2024-05-21T18:34:51 IST" duration-ms="9573" status="PASS">
          <reporter-output>
          </reporter-output>
        </test-method> <!-- browserSetUp -->
        <test-method signature="validateDashboard()[pri:1, instance:com.CRM.TestCase.DashboardPageTest@6e171cd7]" started-at="2024-05-21T18:34:51 IST" name="validateDashboard" finished-at="2024-05-21T18:35:02 IST" duration-ms="10965" status="PASS">
          <reporter-output>
          </reporter-output>
        </test-method> <!-- validateDashboard -->
        <test-method signature="UserLogout()[pri:2, instance:com.CRM.TestCase.DashboardPageTest@6e171cd7]" started-at="2024-05-21T18:35:02 IST" name="UserLogout" finished-at="2024-05-21T18:35:03 IST" duration-ms="1289" status="PASS">
          <reporter-output>
          </reporter-output>
        </test-method> <!-- UserLogout -->
        <test-method is-config="true" signature="closeDriver()[pri:0, instance:com.CRM.TestCase.DashboardPageTest@6e171cd7]" started-at="2024-05-21T18:35:03 IST" name="closeDriver" finished-at="2024-05-21T18:35:03 IST" duration-ms="416" status="PASS">
          <reporter-output>
          </reporter-output>
        </test-method> <!-- closeDriver -->
      </class> <!-- com.CRM.TestCase.DashboardPageTest -->
    </test> <!-- Test2 -->
  </suite> <!-- Suite -->
</testng-results>
