<?xml version="1.0" encoding="UTF-8"?>
<testsuite xmlns:xsi="http://www.w3.org/2001/XMLSchema-instance" xsi:noNamespaceSchemaLocation="https://maven.apache.org/surefire/maven-surefire-plugin/xsd/surefire-test-report.xsd" name="TestSuite" time="30.5" tests="3" errors="0" skipped="0" failures="2">
  <properties>
[...]
</properties>
  <testcase name="validateDashboard" classname="com.CRM.TestCase.DashboardPageTest" time="24.561">
    <failure message="no such element: Unable to locate element: {&quot;method&quot;:&quot;partial link text&quot;,&quot;selector&quot;:&quot;PIM&quot;}&#10;  (Session info: chrome=124.0.6367.158)&#10;For documentation on this error, please visit: https://www.selenium.dev/documentation/webdriver/troubleshooting/errors#no-such-element-exception&#10;Build info: version: &apos;4.20.0&apos;, revision: &apos;866c76ca80&apos;&#10;System info: os.name: &apos;Windows 10&apos;, os.arch: &apos;amd64&apos;, os.version: &apos;10.0&apos;, java.version: &apos;20.0.2&apos;&#10;Driver info: org.openqa.selenium.chrome.ChromeDriver&#10;Command: [35e3d2dfdd867fa8da8b5dd76c155309, findElement {using=partial link text, value=PIM}]&#10;Capabilities {acceptInsecureCerts: false, browserName: chrome, browserVersion: 124.0.6367.158, chrome: {chromedriverVersion: 124.0.6367.201 (46cf136d27d..., userDataDir: C:\Users\INDIA\AppData\Loca...}, fedcm:accounts: true, goog:chromeOptions: {debuggerAddress: localhost:56671}, networkConnectionEnabled: false, pageLoadStrategy: normal, platformName: windows, proxy: Proxy(), se:cdp: ws://localhost:56671/devtoo..., se:cdpVersion: 124.0.6367.158, setWindowRect: true, strictFileInteractability: false, timeouts: {implicit: 0, pageLoad: 300000, script: 30000}, unhandledPromptBehavior: dismiss and notify, webauthn:extension:credBlob: true, webauthn:extension:largeBlob: true, webauthn:extension:minPinLength: true, webauthn:extension:prf: true, webauthn:virtualAuthenticators: true}&#10;Session ID: 35e3d2dfdd867fa8da8b5dd76c155309" type="org.openqa.selenium.NoSuchElementException">org.openqa.selenium.NoSuchElementException: 
no such element: Unable to locate element: {"method":"partial link text","selector":"PIM"}
  (Session info: chrome=124.0.6367.158)
For documentation on this error, please visit: https://www.selenium.dev/documentation/webdriver/troubleshooting/errors#no-such-element-exception
Build info: version: '4.20.0', revision: '866c76ca80'
System info: os.name: 'Windows 10', os.arch: 'amd64', os.version: '10.0', java.version: '20.0.2'
Driver info: org.openqa.selenium.chrome.ChromeDriver
Command: [35e3d2dfdd867fa8da8b5dd76c155309, findElement {using=partial link text, value=PIM}]
Capabilities {acceptInsecureCerts: false, browserName: chrome, browserVersion: 124.0.6367.158, chrome: {chromedriverVersion: 124.0.6367.201 (46cf136d27d..., userDataDir: C:\Users\INDIA\AppData\Loca...}, fedcm:accounts: true, goog:chromeOptions: {debuggerAddress: localhost:56671}, networkConnectionEnabled: false, pageLoadStrategy: normal, platformName: windows, proxy: Proxy(), se:cdp: ws://localhost:56671/devtoo..., se:cdpVersion: 124.0.6367.158, setWindowRect: true, strictFileInteractability: false, timeouts: {implicit: 0, pageLoad: 300000, script: 30000}, unhandledPromptBehavior: dismiss and notify, webauthn:extension:credBlob: true, webauthn:extension:largeBlob: true, webauthn:extension:minPinLength: true, webauthn:extension:prf: true, webauthn:virtualAuthenticators: true}
Session ID: 35e3d2dfdd867fa8da8b5dd76c155309
	at com.CRM.TestCase.DashboardPageTest.validateDashboard(DashboardPageTest.java:17)
</failure>
    <system-err><![CDATA[SLF4J: Failed to load class "org.slf4j.impl.StaticLoggerBinder".
SLF4J: Defaulting to no-operation (NOP) logger implementation
SLF4J: See http://www.slf4j.org/codes.html#StaticLoggerBinder for further details.
]]></system-err>
  </testcase>
  <testcase name="UserLogout" classname="com.CRM.TestCase.DashboardPageTest" time="1.078"/>
  <testcase name="validateLogin" classname="com.CRM.TestCase.LoginPageTest" time="0.003">
    <failure message="Cannot invoke &quot;com.CRM.Pages.LoginPage.Login(String, String)&quot; because &quot;this.lp&quot; is null" type="java.lang.NullPointerException">java.lang.NullPointerException: Cannot invoke "com.CRM.Pages.LoginPage.Login(String, String)" because "this.lp" is null
	at com.CRM.TestCase.LoginPageTest.validateLogin(LoginPageTest.java:9)
</failure>
  </testcase>
</testsuite>