<?xml version="1.0" encoding="UTF-8"?>
<!-- Generated by org.testng.reporters.JUnitXMLReporter -->
<testsuite ignored="1" hostname="Aparna" failures="2" tests="3" name="Test" time="11.353" errors="0" timestamp="2024-05-06T18:13:00 IST">
  <testcase classname="com.CRM.TestCase.LoginPageTest" name="validateLogin" time="2.295"/>
  <testcase classname="com.CRM.TestCase.DashboardPageTest" name="validateDashboard" time="0.006">
    <failure type="java.lang.NullPointerException" message="Cannot invoke &amp;quot;com.CRM.Pages.DashboardPage.PIM()&amp;quot; because &amp;quot;this.dp&amp;quot; is null">
      <![CDATA[java.lang.NullPointerException: Cannot invoke "com.CRM.Pages.DashboardPage.PIM()" because "this.dp" is null
at com.CRM.TestCase.DashboardPageTest.validateDashboard(DashboardPageTest.java:17)
at java.base/java.util.ArrayList.forEach(ArrayList.java:1511)
... Removed 25 stack frames]]>
    </failure>
  </testcase> <!-- validateDashboard -->
  <testcase classname="com.CRM.TestCase.DashboardPageTest" name="UserLogout" time="0.004">
    <failure type="java.lang.NullPointerException" message="Cannot invoke &amp;quot;com.CRM.Pages.DashboardPage.Logout()&amp;quot; because &amp;quot;this.dp&amp;quot; is null">
      <![CDATA[java.lang.NullPointerException: Cannot invoke "com.CRM.Pages.DashboardPage.Logout()" because "this.dp" is null
at com.CRM.TestCase.DashboardPageTest.UserLogout(DashboardPageTest.java:25)
at java.base/java.util.ArrayList.forEach(ArrayList.java:1511)
... Removed 25 stack frames]]>
    </failure>
  </testcase> <!-- UserLogout -->
  <testcase classname="com.CRM.TestCase.BaseClass" name="@BeforeTest browserSetUp" time="0.0">
    <ignored/>
  </testcase> <!-- @BeforeTest browserSetUp -->
</testsuite> <!-- Test -->
