<?xml version="1.0" encoding="UTF-8"?>
<testng-results ignored="0" total="3" passed="3" failed="0" skipped="0">
  <reporter-output>
  </reporter-output>
  <suite started-at="2024-05-21T17:14:27 IST" name="Suite" finished-at="2024-05-21T17:15:47 IST" duration-ms="79451">
    <groups>
    </groups>
    <test started-at="2024-05-21T17:14:27 IST" name="test1" finished-at="2024-05-21T17:15:32 IST" duration-ms="64827">
      <class name="seliniumGridUsingDocker.ParallelTest">
        <test-method signature="ParallelBrowserExecution(java.lang.String)[pri:0, instance:seliniumGridUsingDocker.ParallelTest@6d763516]" started-at="2024-05-21T17:14:28 IST" name="ParallelBrowserExecution" finished-at="2024-05-21T17:15:32 IST" duration-ms="64652" status="PASS">
          <params>
            <param index="0">
              <value>
                <![CDATA[chrome]]>
              </value>
            </param>
          </params>
          <reporter-output>
          </reporter-output>
        </test-method> <!-- ParallelBrowserExecution -->
      </class> <!-- seliniumGridUsingDocker.ParallelTest -->
    </test> <!-- test1 -->
    <test started-at="2024-05-21T17:14:27 IST" name="test2" finished-at="2024-05-21T17:15:47 IST" duration-ms="79163">
      <class name="seliniumGridUsingDocker.ParallelTest">
        <test-method signature="ParallelBrowserExecution(java.lang.String)[pri:0, instance:seliniumGridUsingDocker.ParallelTest@4c583ecf]" started-at="2024-05-21T17:14:28 IST" name="ParallelBrowserExecution" finished-at="2024-05-21T17:15:47 IST" duration-ms="79002" status="PASS">
          <params>
            <param index="0">
              <value>
                <![CDATA[firefox]]>
              </value>
            </param>
          </params>
          <reporter-output>
          </reporter-output>
        </test-method> <!-- ParallelBrowserExecution -->
      </class> <!-- seliniumGridUsingDocker.ParallelTest -->
    </test> <!-- test2 -->
    <test started-at="2024-05-21T17:14:27 IST" name="test3" finished-at="2024-05-21T17:15:47 IST" duration-ms="79447">
      <class name="seliniumGridUsingDocker.ParallelTest">
        <test-method signature="ParallelBrowserExecution(java.lang.String)[pri:0, instance:seliniumGridUsingDocker.ParallelTest@7b2bbc3]" started-at="2024-05-21T17:14:28 IST" name="ParallelBrowserExecution" finished-at="2024-05-21T17:15:47 IST" duration-ms="79293" status="PASS">
          <params>
            <param index="0">
              <value>
                <![CDATA[edge]]>
              </value>
            </param>
          </params>
          <reporter-output>
          </reporter-output>
        </test-method> <!-- ParallelBrowserExecution -->
      </class> <!-- seliniumGridUsingDocker.ParallelTest -->
    </test> <!-- test3 -->
  </suite> <!-- Suite -->
</testng-results>
