<?xml version="1.0" encoding="UTF-8"?>
<testng-results ignored="0" total="1" passed="1" failed="0" skipped="0">
  <reporter-output>
  </reporter-output>
  <suite started-at="2024-05-24T18:57:17 IST" name="Default suite" finished-at="2024-05-24T18:57:42 IST" duration-ms="24628">
    <groups>
    </groups>
    <test started-at="2024-05-24T18:57:17 IST" name="Default test" finished-at="2024-05-24T18:57:42 IST" duration-ms="24628">
      <class name="AppiumDemo.LocatorsDemo">
        <test-method signature="testLocators()[pri:0, instance:AppiumDemo.LocatorsDemo@3febb011]" started-at="2024-05-24T18:57:18 IST" name="testLocators" finished-at="2024-05-24T18:57:42 IST" duration-ms="24439" status="PASS">
          <reporter-output>
          </reporter-output>
        </test-method> <!-- testLocators -->
      </class> <!-- AppiumDemo.LocatorsDemo -->
    </test> <!-- Default test -->
  </suite> <!-- Default suite -->
</testng-results>
