<?xml version="1.0" encoding="UTF-8"?>
<testng-results ignored="1" total="2" passed="1" failed="0" skipped="0">
  <reporter-output>
  </reporter-output>
  <suite started-at="2024-05-18T06:33:27 IST" name="Default suite" finished-at="2024-05-18T06:33:33 IST" duration-ms="5798">
    <groups>
    </groups>
    <test started-at="2024-05-18T06:33:27 IST" name="Default test" finished-at="2024-05-18T06:33:33 IST" duration-ms="5798">
      <class name="BDD_examples.GET_RequestExample">
        <test-method signature="ListOFUser_Request()[pri:2, instance:BDD_examples.GET_RequestExample@478190fc]" started-at="2024-05-18T06:33:27 IST" name="ListOFUser_Request" finished-at="2024-05-18T06:33:33 IST" duration-ms="5707" status="PASS">
          <reporter-output>
          </reporter-output>
        </test-method> <!-- ListOFUser_Request -->
      </class> <!-- BDD_examples.GET_RequestExample -->
    </test> <!-- Default test -->
  </suite> <!-- Default suite -->
</testng-results>
