<?xml version="1.0" encoding="UTF-8"?>
<testng-results ignored="0" total="1" passed="1" failed="0" skipped="0">
  <reporter-output>
  </reporter-output>
  <suite started-at="2024-05-20T07:47:57 IST" name="Default suite" finished-at="2024-05-20T07:48:02 IST" duration-ms="4721">
    <groups>
    </groups>
    <test started-at="2024-05-20T07:47:57 IST" name="Default test" finished-at="2024-05-20T07:48:02 IST" duration-ms="4721">
      <class name="BDD_examples.UpdateDelete">
        <test-method signature="UpdateRecord()[pri:0, instance:BDD_examples.UpdateDelete@38c6f217]" started-at="2024-05-20T07:47:57 IST" name="UpdateRecord" finished-at="2024-05-20T07:48:02 IST" duration-ms="4652" status="PASS">
          <reporter-output>
          </reporter-output>
        </test-method> <!-- UpdateRecord -->
      </class> <!-- BDD_examples.UpdateDelete -->
    </test> <!-- Default test -->
  </suite> <!-- Default suite -->
</testng-results>
