<?xml version="1.0" encoding="UTF-8"?>
<!-- Generated by org.testng.reporters.JUnitXMLReporter -->
<testsuite ignored="1" hostname="Aparna" failures="0" tests="1" name="Default test" time="5.798" errors="0" timestamp="2024-05-18T06:33:33 IST">
  <testcase classname="BDD_examples.GET_RequestExample" name="ListOFUser_Request" time="5.707"/>
  <testcase classname="BDD_examples.GET_RequestExample" name="SingleUser_Request" time="0.0">
    <ignored/>
  </testcase> <!-- SingleUser_Request -->
</testsuite> <!-- Default test -->
