<?xml version="1.0" encoding="UTF-8"?>
<!-- Generated by org.testng.reporters.JUnitXMLReporter -->
<testsuite ignored="0" hostname="Aparna" failures="0" tests="4" name="XMLFirstTest" time="23.529" errors="0" timestamp="2024-04-21T04:52:33 IST">
  <testcase classname="DemoTestNG.DataProviderDemo" name="fun" time="1.778"/>
  <testcase classname="DemoTestNG.DataProviderDemo" name="fun" time="0.35"/>
  <testcase classname="DemoTestNG.DataProviderDemo" name="fun" time="0.335"/>
  <testcase classname="DemoTestNG.DataProviderDemo" name="fun" time="0.445"/>
</testsuite> <!-- XMLFirstTest -->
