<?xml version="1.0" encoding="UTF-8"?>
<testng-results ignored="0" total="5" passed="5" failed="0" skipped="0">
  <reporter-output>
  </reporter-output>
  <suite started-at="2024-05-09T13:59:25 IST" name="Default suite" finished-at="2024-05-09T14:00:43 IST" duration-ms="77605">
    <groups>
    </groups>
    <test started-at="2024-05-09T13:59:25 IST" name="Default test" finished-at="2024-05-09T14:00:43 IST" duration-ms="77605">
      <class name="DemoTestNG.LoginGetUserIdAssignment">
        <test-method is-config="true" signature="beforeTest()[pri:0, instance:DemoTestNG.LoginGetUserIdAssignment@61862a7f]" started-at="2024-05-09T13:59:25 IST" name="beforeTest" finished-at="2024-05-09T13:59:40 IST" duration-ms="14513" status="PASS">
          <reporter-output>
          </reporter-output>
        </test-method> <!-- beforeTest -->
        <test-method signature="firstLogin(java.lang.String,java.lang.String)[pri:1, instance:DemoTestNG.LoginGetUserIdAssignment@61862a7f]" started-at="2024-05-09T13:59:40 IST" name="firstLogin" data-provider="FirstLoginData" finished-at="2024-05-09T13:59:42 IST" duration-ms="2117" status="PASS">
          <params>
            <param index="0">
              <value>
                <![CDATA[Admin]]>
              </value>
            </param>
            <param index="1">
              <value>
                <![CDATA[admin123]]>
              </value>
            </param>
          </params>
          <reporter-output>
          </reporter-output>
        </test-method> <!-- firstLogin -->
        <test-method signature="afterLoginDashboard()[pri:2, instance:DemoTestNG.LoginGetUserIdAssignment@61862a7f]" started-at="2024-05-09T13:59:42 IST" name="afterLoginDashboard" finished-at="2024-05-09T13:59:46 IST" duration-ms="3385" status="PASS">
          <reporter-output>
          </reporter-output>
        </test-method> <!-- afterLoginDashboard -->
        <test-method signature="fetchExcelData()[pri:3, instance:DemoTestNG.LoginGetUserIdAssignment@61862a7f]" started-at="2024-05-09T13:59:46 IST" name="fetchExcelData" finished-at="2024-05-09T14:00:22 IST" duration-ms="36314" status="PASS">
          <reporter-output>
          </reporter-output>
        </test-method> <!-- fetchExcelData -->
        <test-method signature="loginAgain(java.lang.String,java.lang.String)[pri:4, instance:DemoTestNG.LoginGetUserIdAssignment@61862a7f]" started-at="2024-05-09T14:00:22 IST" name="loginAgain" data-provider="FirstLoginData" finished-at="2024-05-09T14:00:22 IST" duration-ms="572" status="PASS">
          <params>
            <param index="0">
              <value>
                <![CDATA[Admin]]>
              </value>
            </param>
            <param index="1">
              <value>
                <![CDATA[admin123]]>
              </value>
            </param>
          </params>
          <reporter-output>
          </reporter-output>
        </test-method> <!-- loginAgain -->
        <test-method signature="deleteRecord()[pri:5, instance:DemoTestNG.LoginGetUserIdAssignment@61862a7f]" started-at="2024-05-09T14:00:22 IST" name="deleteRecord" finished-at="2024-05-09T14:00:43 IST" duration-ms="20548" status="PASS">
          <reporter-output>
          </reporter-output>
        </test-method> <!-- deleteRecord -->
        <test-method is-config="true" signature="afterTest()[pri:0, instance:DemoTestNG.LoginGetUserIdAssignment@61862a7f]" started-at="2024-05-09T14:00:43 IST" name="afterTest" finished-at="2024-05-09T14:00:43 IST" duration-ms="1" status="PASS">
          <reporter-output>
          </reporter-output>
        </test-method> <!-- afterTest -->
      </class> <!-- DemoTestNG.LoginGetUserIdAssignment -->
    </test> <!-- Default test -->
  </suite> <!-- Default suite -->
</testng-results>
